
============================================================================================
2021-12-20 20:23:45,291 - two_phase_logger - INFO - Synchronizing all clients
============================================================================================


============================================================================================
2021-12-20 20:23:45,297 - two_phase_logger - INFO - rollback from client 1
============================================================================================


============================================================================================
2021-12-20 20:23:45,297 - two_phase_logger - INFO - rollback from client 2
============================================================================================


============================================================================================
2021-12-20 20:23:45,298 - two_phase_logger - INFO - commit from client 3
============================================================================================


============================================================================================
2021-12-20 20:23:45,308 - two_phase_logger - INFO - commit from client 5
============================================================================================


============================================================================================
2021-12-20 20:23:45,308 - two_phase_logger - INFO - commit from client 4
============================================================================================


============================================================================================
2021-12-20 20:23:45,310 - two_phase_logger - INFO - Synchronizing all clients
============================================================================================


============================================================================================
2021-12-20 20:23:45,312 - two_phase_logger - INFO - Processing actions
============================================================================================


============================================================================================
2021-12-20 20:23:45,316 - two_phase_logger - INFO - commit from client 5 has done
============================================================================================


============================================================================================
2021-12-20 20:23:45,319 - two_phase_logger - INFO - commit from client 1 has done
============================================================================================


============================================================================================
2021-12-20 20:23:45,322 - two_phase_logger - INFO - commit from client 2 has done
============================================================================================


============================================================================================
2021-12-20 20:23:45,325 - two_phase_logger - INFO - commit from client 3 has done
============================================================================================


============================================================================================
2021-12-20 20:23:45,325 - two_phase_logger - INFO - commit from client 4 has done
============================================================================================


============================================================================================
2021-12-20 20:23:55,327 - two_phase_logger - INFO - Synchronizing all clients
============================================================================================


============================================================================================
2021-12-20 20:23:55,333 - two_phase_logger - INFO - Synchronizing all clients
============================================================================================

