
============================================================================================
2021-12-19 23:08:39,807 - philosopher_logger - INFO - Philosopher 1 has came
============================================================================================


============================================================================================
2021-12-19 23:08:39,807 - philosopher_logger - INFO - Philosopher 1 is thinking
============================================================================================


============================================================================================
2021-12-19 23:08:39,808 - philosopher_logger - INFO - Philosopher 2 has came
============================================================================================


============================================================================================
2021-12-19 23:08:39,809 - philosopher_logger - INFO - Philosopher 2 is thinking
============================================================================================


============================================================================================
2021-12-19 23:08:39,810 - philosopher_logger - INFO - Philosopher 3 has came
============================================================================================


============================================================================================
2021-12-19 23:08:39,810 - philosopher_logger - INFO - Philosopher 3 is thinking
============================================================================================


============================================================================================
2021-12-19 23:08:44,854 - philosopher_logger - INFO - Philosopher 1 is eating
============================================================================================


============================================================================================
2021-12-19 23:08:49,864 - philosopher_logger - INFO - Philosopher 1 is thinking
============================================================================================


============================================================================================
2021-12-19 23:08:49,886 - philosopher_logger - INFO - Philosopher 3 is eating
============================================================================================


============================================================================================
2021-12-19 23:08:54,901 - philosopher_logger - INFO - Philosopher 3 is thinking
============================================================================================


============================================================================================
2021-12-19 23:08:54,919 - philosopher_logger - INFO - Philosopher 2 is eating
============================================================================================


============================================================================================
2021-12-19 23:08:59,932 - philosopher_logger - INFO - Philosopher 2 is thinking
============================================================================================


============================================================================================
2021-12-19 23:08:59,939 - philosopher_logger - INFO - Philosopher 1 is eating
============================================================================================


============================================================================================
2021-12-19 23:09:04,954 - philosopher_logger - INFO - Philosopher 1 has gone
============================================================================================


============================================================================================
2021-12-19 23:09:04,973 - philosopher_logger - INFO - Philosopher 3 is eating
============================================================================================


============================================================================================
2021-12-19 23:09:09,985 - philosopher_logger - INFO - Philosopher 3 has gone
============================================================================================


============================================================================================
2021-12-19 23:09:09,994 - philosopher_logger - INFO - Philosopher 2 is eating
============================================================================================


============================================================================================
2021-12-19 23:09:15,028 - philosopher_logger - INFO - Philosopher 2 has gone
============================================================================================

